<?xml version="1.0" encoding="UTF-8"?>
<!-- Generated by org.testng.reporters.JUnitXMLReporter -->
<testsuite hostname="DESKTOP-96F67H7" ignored="0" name="Command line test" tests="4" failures="0" timestamp="15 Jul 2018 16:16:20 GMT" time="90.861" errors="0">
  <testcase name="contactmethod" time="2.197" classname="com.crm.qa.testcases.HomPageTest"/>
  <testcase name="login" time="12.046" classname="com.crm.qa.testcases.LoginTest"/>
  <testcase name="validatetitle" time="0.034" classname="com.crm.qa.testcases.LoginTest"/>
  <testcase name="testcase" time="0.185" classname="com.crm.qa.testcases.NewContactTest"/>
</testsuite> <!-- Command line test -->
