<?xml version="1.0" encoding="UTF-8"?>
<testng-results skipped="0" failed="0" ignored="0" total="1" passed="1">
  <reporter-output>
  </reporter-output>
  <suite name="Default suite" duration-ms="23054" started-at="2018-07-15T15:36:00Z" finished-at="2018-07-15T15:36:23Z">
    <groups>
    </groups>
    <test name="Default test" duration-ms="23054" started-at="2018-07-15T15:36:00Z" finished-at="2018-07-15T15:36:23Z">
      <class name="com.crm.qa.testcases.NewContactTest">
        <test-method status="PASS" signature="before()[pri:0, instance:com.crm.qa.testcases.NewContactTest@3ffc5af1]" name="before" is-config="true" duration-ms="22835" started-at="2018-07-15T15:36:00Z" finished-at="2018-07-15T15:36:23Z">
          <reporter-output>
          </reporter-output>
        </test-method> <!-- before -->
        <test-method status="PASS" signature="testcase()[pri:0, instance:com.crm.qa.testcases.NewContactTest@3ffc5af1]" name="testcase" duration-ms="191" started-at="2018-07-15T15:36:23Z" finished-at="2018-07-15T15:36:23Z">
          <reporter-output>
          </reporter-output>
        </test-method> <!-- testcase -->
      </class> <!-- com.crm.qa.testcases.NewContactTest -->
    </test> <!-- Default test -->
  </suite> <!-- Default suite -->
</testng-results>
